[debug] [2022-11-24T11:03:51.421Z] ----------------------------------------------------------------------
[debug] [2022-11-24T11:03:51.423Z] Command:       C:\Program Files\nodejs\node.exe C:\Users\Aggyr\AppData\Roaming\npm\node_modules\firebase-tools\lib\bin\firebase.js deploy --only hosting
[debug] [2022-11-24T11:03:51.424Z] CLI Version:   11.16.1
[debug] [2022-11-24T11:03:51.424Z] Platform:      win32
[debug] [2022-11-24T11:03:51.424Z] Node Version:  v16.17.0
[debug] [2022-11-24T11:03:51.426Z] Time:          Thu Nov 24 2022 11:03:51 GMT+0000 (Greenwich Mean Time)
[debug] [2022-11-24T11:03:51.426Z] ----------------------------------------------------------------------
[debug] 
[debug] [2022-11-24T11:03:51.532Z] > command requires scopes: ["email","openid","https://www.googleapis.com/auth/cloudplatformprojects.readonly","https://www.googleapis.com/auth/firebase","https://www.googleapis.com/auth/cloud-platform"]
[debug] [2022-11-24T11:03:51.533Z] > authorizing via signed-in user (hemisphere456@gmail.com)
[debug] [2022-11-24T11:03:51.533Z] [iam] checking project sanze-ae0b2 for permissions ["firebase.projects.get","firebasehosting.sites.update"]
[debug] [2022-11-24T11:03:51.537Z] >>> [apiv2][query] POST https://cloudresourcemanager.googleapis.com/v1/projects/sanze-ae0b2:testIamPermissions [none]
[debug] [2022-11-24T11:03:51.538Z] >>> [apiv2][(partial)header] POST https://cloudresourcemanager.googleapis.com/v1/projects/sanze-ae0b2:testIamPermissions x-goog-quota-user=projects/sanze-ae0b2
[debug] [2022-11-24T11:03:51.538Z] >>> [apiv2][body] POST https://cloudresourcemanager.googleapis.com/v1/projects/sanze-ae0b2:testIamPermissions {"permissions":["firebase.projects.get","firebasehosting.sites.update"]}
[debug] [2022-11-24T11:04:00.445Z] <<< [apiv2][status] POST https://cloudresourcemanager.googleapis.com/v1/projects/sanze-ae0b2:testIamPermissions 200
[debug] [2022-11-24T11:04:00.446Z] <<< [apiv2][body] POST https://cloudresourcemanager.googleapis.com/v1/projects/sanze-ae0b2:testIamPermissions {}
[debug] [2022-11-24T11:04:00.447Z] [iam] error while checking permissions, command may fail: FirebaseError: Authorization failed. This account is missing the following required permissions on project sanze-ae0b2:

  firebase.projects.get
  firebasehosting.sites.update
[debug] [2022-11-24T11:04:00.449Z] >>> [apiv2][query] GET https://firebase.googleapis.com/v1beta1/projects/sanze-ae0b2 [none]
[debug] [2022-11-24T11:04:12.344Z] Failed to make request to https://firebase.googleapis.com/v1beta1/projects/sanze-ae0b2
[debug] [2022-11-24T11:04:17.356Z] Error: Timed out.
    at Timeout._onTimeout (C:\Users\Aggyr\AppData\Roaming\npm\node_modules\firebase-tools\lib\utils.js:253:49)
    at listOnTimeout (node:internal/timers:559:17)
    at processTimers (node:internal/timers:502:7)
[error] 
[error] Error: An unexpected error has occurred.
[debug] [2022-11-24T11:04:30.444Z] ----------------------------------------------------------------------
[debug] [2022-11-24T11:04:30.446Z] Command:       C:\Program Files\nodejs\node.exe C:\Users\Aggyr\AppData\Roaming\npm\node_modules\firebase-tools\lib\bin\firebase.js init
[debug] [2022-11-24T11:04:30.447Z] CLI Version:   11.16.1
[debug] [2022-11-24T11:04:30.447Z] Platform:      win32
[debug] [2022-11-24T11:04:30.447Z] Node Version:  v16.17.0
[debug] [2022-11-24T11:04:30.448Z] Time:          Thu Nov 24 2022 11:04:30 GMT+0000 (Greenwich Mean Time)
[debug] [2022-11-24T11:04:30.448Z] ----------------------------------------------------------------------
[debug] 
[debug] [2022-11-24T11:04:30.509Z] > command requires scopes: ["email","openid","https://www.googleapis.com/auth/cloudplatformprojects.readonly","https://www.googleapis.com/auth/firebase","https://www.googleapis.com/auth/cloud-platform"]
[debug] [2022-11-24T11:04:30.509Z] > authorizing via signed-in user (hemisphere456@gmail.com)
[info] 
     ######## #### ########  ######## ########     ###     ######  ########
     ##        ##  ##     ## ##       ##     ##  ##   ##  ##       ##
     ######    ##  ########  ######   ########  #########  ######  ######
     ##        ##  ##    ##  ##       ##     ## ##     ##       ## ##
     ##       #### ##     ## ######## ########  ##     ##  ######  ########

You're about to initialize a Firebase project in this directory:

  C:\Users\Aggyr\Desktop\sanze

Before we get started, keep in mind:

  * You are initializing within an existing Firebase project directory

[info] 
=== Project Setup
[info] 
[info] First, let's associate this project directory with a Firebase project.
[info] You can create multiple project aliases by running firebase use --add, 
[info] but for now we'll just set up a default project.
[info] 
[debug] [2022-11-24T11:04:35.771Z] Using project from CLI flag: sanze-ae0b2
[debug] [2022-11-24T11:04:35.774Z] >>> [apiv2][query] GET https://firebase.googleapis.com/v1beta1/projects/sanze-ae0b2 [none]
[debug] [2022-11-24T11:04:50.001Z] Failed to make request to https://firebase.googleapis.com/v1beta1/projects/sanze-ae0b2
[debug] [2022-11-24T11:04:55.019Z] Error: Timed out.
    at Timeout._onTimeout (C:\Users\Aggyr\AppData\Roaming\npm\node_modules\firebase-tools\lib\utils.js:253:49)
    at listOnTimeout (node:internal/timers:559:17)
    at processTimers (node:internal/timers:502:7)
[error] 
[error] Error: An unexpected error has occurred.
